2017-11-25 01:53:35 [127.0.0.1][-][hrl98lq3io34gh1d3r2nki5dd1][error][yii\base\UnknownPropertyException] yii\base\UnknownPropertyException: Getting unknown property: common\models\LoginForm::code in F:\blog\vendor\yiisoft\yii2\base\Component.php:148
Stack trace:
#0 F:\blog\vendor\yiisoft\yii2\helpers\BaseHtml.php(2121): yii\base\Component->__get('code')
#1 F:\blog\vendor\yiisoft\yii2\helpers\BaseHtml.php(1294): yii\helpers\BaseHtml::getAttributeValue(Object(common\models\LoginForm), 'code')
#2 F:\blog\vendor\yiisoft\yii2\widgets\InputWidget.php(106): yii\helpers\BaseHtml::activeInput('text', Object(common\models\LoginForm), 'code', Array)
#3 F:\blog\vendor\yiisoft\yii2\captcha\Captcha.php(107): yii\widgets\InputWidget->renderInputHtml('text')
#4 F:\blog\vendor\yiisoft\yii2\base\Widget.php(140): yii\captcha\Captcha->run()
#5 F:\blog\vendor\yiisoft\yii2\widgets\ActiveField.php(725): yii\base\Widget::widget(Array)
#6 F:\blog\backend\views\site\login.php(38): yii\widgets\ActiveField->widget('yii\\captcha\\Cap...', Array)
#7 F:\blog\vendor\yiisoft\yii2\base\View.php(332): require('F:\\blog\\backend...')
#8 F:\blog\vendor\yiisoft\yii2\base\View.php(250): yii\base\View->renderPhpFile('F:\\blog\\backend...', Array)
#9 F:\blog\vendor\yiisoft\yii2\base\View.php(152): yii\base\View->renderFile('F:\\blog\\backend...', Array, Object(backend\controllers\SiteController))
#10 F:\blog\vendor\yiisoft\yii2\base\Controller.php(384): yii\base\View->render('login', Array, Object(backend\controllers\SiteController))
#11 F:\blog\backend\controllers\SiteController.php(83): yii\base\Controller->render('login', Array)
#12 [internal function]: backend\controllers\SiteController->actionLogin()
#13 F:\blog\vendor\yiisoft\yii2\base\InlineAction.php(57): call_user_func_array(Array, Array)
#14 F:\blog\vendor\yiisoft\yii2\base\Controller.php(157): yii\base\InlineAction->runWithParams(Array)
#15 F:\blog\vendor\yiisoft\yii2\base\Module.php(528): yii\base\Controller->runAction('login', Array)
#16 F:\blog\vendor\yiisoft\yii2\web\Application.php(103): yii\base\Module->runAction('site/login', Array)
#17 F:\blog\vendor\yiisoft\yii2\base\Application.php(386): yii\web\Application->handleRequest(Object(yii\web\Request))
#18 F:\blog\backend\web\index.php(17): yii\base\Application->run()
#19 {main}
2017-11-25 01:53:35 [127.0.0.1][-][hrl98lq3io34gh1d3r2nki5dd1][info][application] $_GET = [
    'r' => 'site/login'
]

$_COOKIE = [
    'advanced-backend' => 'hrl98lq3io34gh1d3r2nki5dd1'
    '_csrf-backend' => '78f93355f150bb4d3787b4401c5b51f3228eceb1c0004cfb8673462944331199a:2:{i:0;s:13:\"_csrf-backend\";i:1;s:32:\"TT9WY3zN0azD8VmThxgsigxOaDAi_r6W\";}'
]

$_SESSION = [
    '__flash' => []
]

$_SERVER = [
    'PATH' => 'C:\\WINDOWS\\system32;C:\\WINDOWS;C:\\WINDOWS\\System32\\Wbem;C:\\WINDOWS\\System32\\WindowsPowerShell\\v1.0\\;C:\\Program Files (x86)\\ATI Technologies\\ATI.ACE\\Core-Static;E:\\masql\\bin;F:\\TortoiseSVN\\bin;F:\\phpStudy\\php\\php-7.0.12-nts;C:\\ProgramData\\ComposerSetup\\bin;C:\\Program Files\\TortoiseGit\\bin;C:\\Program Files\\Git\\cmd;C:\\Users\\木鸟\\AppData\\Roaming\\Composer\\vendor\\bin'
    'SYSTEMROOT' => 'C:\\WINDOWS'
    'COMSPEC' => 'C:\\WINDOWS\\system32\\cmd.exe'
    'PATHEXT' => '.COM;.EXE;.BAT;.CMD;.VBS;.VBE;.JS;.JSE;.WSF;.WSH;.MSC'
    'WINDIR' => 'C:\\WINDOWS'
    'PHP_FCGI_MAX_REQUESTS' => '1000'
    'PHPRC' => 'F:/phpStudy/php/php-7.0.12-nts/'
    '_FCGI_SHUTDOWN_EVENT_' => '2348'
    'SCRIPT_NAME' => '/index.php'
    'REQUEST_URI' => '/index.php?r=site%2Flogin'
    'QUERY_STRING' => 'r=site%2Flogin'
    'REQUEST_METHOD' => 'GET'
    'SERVER_PROTOCOL' => 'HTTP/1.1'
    'GATEWAY_INTERFACE' => 'CGI/1.1'
    'REMOTE_PORT' => '64840'
    'SCRIPT_FILENAME' => 'F:/blog/backend/web/index.php'
    'SERVER_ADMIN' => 'admin@phpStudy.net'
    'CONTEXT_DOCUMENT_ROOT' => 'F:/blog/backend/web'
    'CONTEXT_PREFIX' => ''
    'REQUEST_SCHEME' => 'http'
    'DOCUMENT_ROOT' => 'F:/blog/backend/web'
    'REMOTE_ADDR' => '127.0.0.1'
    'SERVER_PORT' => '80'
    'SERVER_ADDR' => '127.0.0.1'
    'SERVER_NAME' => 'blog2.com'
    'SERVER_SOFTWARE' => 'Apache/2.4.23 (Win32) OpenSSL/1.0.2j mod_fcgid/2.3.9'
    'SERVER_SIGNATURE' => ''
    'SystemRoot' => 'C:\\WINDOWS'
    'HTTP_COOKIE' => 'advanced-backend=hrl98lq3io34gh1d3r2nki5dd1; _csrf-backend=78f93355f150bb4d3787b4401c5b51f3228eceb1c0004cfb8673462944331199a%3A2%3A%7Bi%3A0%3Bs%3A13%3A%22_csrf-backend%22%3Bi%3A1%3Bs%3A32%3A%22TT9WY3zN0azD8VmThxgsigxOaDAi_r6W%22%3B%7D'
    'HTTP_ACCEPT_LANGUAGE' => 'zh-CN,zh;q=0.9'
    'HTTP_ACCEPT_ENCODING' => 'gzip, deflate'
    'HTTP_ACCEPT' => 'text/html,application/xhtml+xml,application/xml;q=0.9,image/webp,image/apng,*/*;q=0.8'
    'HTTP_UPGRADE_INSECURE_REQUESTS' => '1'
    'HTTP_USER_AGENT' => 'Mozilla/5.0 (Windows NT 10.0; Win64; x64) AppleWebKit/537.36 (KHTML, like Gecko) Chrome/62.0.3202.89 Safari/537.36'
    'HTTP_CACHE_CONTROL' => 'max-age=0'
    'HTTP_CONNECTION' => 'close'
    'HTTP_HOST' => 'blog2.com'
    'FCGI_ROLE' => 'RESPONDER'
    'PHP_SELF' => '/index.php'
    'REQUEST_TIME_FLOAT' => 1511574815.0768
    'REQUEST_TIME' => 1511574815
]
2017-11-25 01:54:16 [127.0.0.1][-][hrl98lq3io34gh1d3r2nki5dd1][error][yii\base\UnknownPropertyException] yii\base\UnknownPropertyException: Getting unknown property: common\models\LoginForm::code in F:\blog\vendor\yiisoft\yii2\base\Component.php:148
Stack trace:
#0 F:\blog\vendor\yiisoft\yii2\helpers\BaseHtml.php(2121): yii\base\Component->__get('code')
#1 F:\blog\vendor\yiisoft\yii2\helpers\BaseHtml.php(1294): yii\helpers\BaseHtml::getAttributeValue(Object(common\models\LoginForm), 'code')
#2 F:\blog\vendor\yiisoft\yii2\widgets\InputWidget.php(106): yii\helpers\BaseHtml::activeInput('text', Object(common\models\LoginForm), 'code', Array)
#3 F:\blog\vendor\yiisoft\yii2\captcha\Captcha.php(107): yii\widgets\InputWidget->renderInputHtml('text')
#4 F:\blog\vendor\yiisoft\yii2\base\Widget.php(140): yii\captcha\Captcha->run()
#5 F:\blog\vendor\yiisoft\yii2\widgets\ActiveField.php(725): yii\base\Widget::widget(Array)
#6 F:\blog\backend\views\site\login.php(38): yii\widgets\ActiveField->widget('yii\\captcha\\Cap...', Array)
#7 F:\blog\vendor\yiisoft\yii2\base\View.php(332): require('F:\\blog\\backend...')
#8 F:\blog\vendor\yiisoft\yii2\base\View.php(250): yii\base\View->renderPhpFile('F:\\blog\\backend...', Array)
#9 F:\blog\vendor\yiisoft\yii2\base\View.php(152): yii\base\View->renderFile('F:\\blog\\backend...', Array, Object(backend\controllers\SiteController))
#10 F:\blog\vendor\yiisoft\yii2\base\Controller.php(384): yii\base\View->render('login', Array, Object(backend\controllers\SiteController))
#11 F:\blog\backend\controllers\SiteController.php(83): yii\base\Controller->render('login', Array)
#12 [internal function]: backend\controllers\SiteController->actionLogin()
#13 F:\blog\vendor\yiisoft\yii2\base\InlineAction.php(57): call_user_func_array(Array, Array)
#14 F:\blog\vendor\yiisoft\yii2\base\Controller.php(157): yii\base\InlineAction->runWithParams(Array)
#15 F:\blog\vendor\yiisoft\yii2\base\Module.php(528): yii\base\Controller->runAction('login', Array)
#16 F:\blog\vendor\yiisoft\yii2\web\Application.php(103): yii\base\Module->runAction('site/login', Array)
#17 F:\blog\vendor\yiisoft\yii2\base\Application.php(386): yii\web\Application->handleRequest(Object(yii\web\Request))
#18 F:\blog\backend\web\index.php(17): yii\base\Application->run()
#19 {main}
2017-11-25 01:54:16 [127.0.0.1][-][hrl98lq3io34gh1d3r2nki5dd1][info][application] $_GET = [
    'r' => 'site/login'
]

$_COOKIE = [
    'advanced-backend' => 'hrl98lq3io34gh1d3r2nki5dd1'
    '_csrf-backend' => '78f93355f150bb4d3787b4401c5b51f3228eceb1c0004cfb8673462944331199a:2:{i:0;s:13:\"_csrf-backend\";i:1;s:32:\"TT9WY3zN0azD8VmThxgsigxOaDAi_r6W\";}'
]

$_SESSION = [
    '__flash' => []
]

$_SERVER = [
    'PATH' => 'C:\\WINDOWS\\system32;C:\\WINDOWS;C:\\WINDOWS\\System32\\Wbem;C:\\WINDOWS\\System32\\WindowsPowerShell\\v1.0\\;C:\\Program Files (x86)\\ATI Technologies\\ATI.ACE\\Core-Static;E:\\masql\\bin;F:\\TortoiseSVN\\bin;F:\\phpStudy\\php\\php-7.0.12-nts;C:\\ProgramData\\ComposerSetup\\bin;C:\\Program Files\\TortoiseGit\\bin;C:\\Program Files\\Git\\cmd;C:\\Users\\木鸟\\AppData\\Roaming\\Composer\\vendor\\bin'
    'SYSTEMROOT' => 'C:\\WINDOWS'
    'COMSPEC' => 'C:\\WINDOWS\\system32\\cmd.exe'
    'PATHEXT' => '.COM;.EXE;.BAT;.CMD;.VBS;.VBE;.JS;.JSE;.WSF;.WSH;.MSC'
    'WINDIR' => 'C:\\WINDOWS'
    'PHP_FCGI_MAX_REQUESTS' => '1000'
    'PHPRC' => 'F:/phpStudy/php/php-7.0.12-nts/'
    '_FCGI_SHUTDOWN_EVENT_' => '2348'
    'SCRIPT_NAME' => '/index.php'
    'REQUEST_URI' => '/index.php?r=site%2Flogin'
    'QUERY_STRING' => 'r=site%2Flogin'
    'REQUEST_METHOD' => 'GET'
    'SERVER_PROTOCOL' => 'HTTP/1.1'
    'GATEWAY_INTERFACE' => 'CGI/1.1'
    'REMOTE_PORT' => '64904'
    'SCRIPT_FILENAME' => 'F:/blog/backend/web/index.php'
    'SERVER_ADMIN' => 'admin@phpStudy.net'
    'CONTEXT_DOCUMENT_ROOT' => 'F:/blog/backend/web'
    'CONTEXT_PREFIX' => ''
    'REQUEST_SCHEME' => 'http'
    'DOCUMENT_ROOT' => 'F:/blog/backend/web'
    'REMOTE_ADDR' => '127.0.0.1'
    'SERVER_PORT' => '80'
    'SERVER_ADDR' => '127.0.0.1'
    'SERVER_NAME' => 'blog2.com'
    'SERVER_SOFTWARE' => 'Apache/2.4.23 (Win32) OpenSSL/1.0.2j mod_fcgid/2.3.9'
    'SERVER_SIGNATURE' => ''
    'SystemRoot' => 'C:\\WINDOWS'
    'HTTP_COOKIE' => 'advanced-backend=hrl98lq3io34gh1d3r2nki5dd1; _csrf-backend=78f93355f150bb4d3787b4401c5b51f3228eceb1c0004cfb8673462944331199a%3A2%3A%7Bi%3A0%3Bs%3A13%3A%22_csrf-backend%22%3Bi%3A1%3Bs%3A32%3A%22TT9WY3zN0azD8VmThxgsigxOaDAi_r6W%22%3B%7D'
    'HTTP_ACCEPT_LANGUAGE' => 'zh-CN,zh;q=0.9'
    'HTTP_ACCEPT_ENCODING' => 'gzip, deflate'
    'HTTP_ACCEPT' => 'text/html,application/xhtml+xml,application/xml;q=0.9,image/webp,image/apng,*/*;q=0.8'
    'HTTP_UPGRADE_INSECURE_REQUESTS' => '1'
    'HTTP_USER_AGENT' => 'Mozilla/5.0 (Windows NT 10.0; Win64; x64) AppleWebKit/537.36 (KHTML, like Gecko) Chrome/62.0.3202.89 Safari/537.36'
    'HTTP_CACHE_CONTROL' => 'max-age=0'
    'HTTP_CONNECTION' => 'close'
    'HTTP_HOST' => 'blog2.com'
    'FCGI_ROLE' => 'RESPONDER'
    'PHP_SELF' => '/index.php'
    'REQUEST_TIME_FLOAT' => 1511574856.0623
    'REQUEST_TIME' => 1511574856
]
2017-11-25 01:56:04 [127.0.0.1][-][hrl98lq3io34gh1d3r2nki5dd1][error][yii\base\ErrorException:256] yii\base\ErrorException: Exception (Invalid Configuration) 'yii\base\InvalidConfigException' with message 'Invalid CAPTCHA action ID: site/captcha' 

in F:\blog\vendor\yiisoft\yii2\captcha\CaptchaValidator.php:81

Stack trace:
#0 F:\blog\vendor\yiisoft\yii2\captcha\CaptchaValidator.php(100): yii\captcha\CaptchaValidator->createCaptchaAction()
#1 F:\blog\vendor\yiisoft\yii2\captcha\CaptchaValidator.php(90): yii\captcha\CaptchaValidator->getClientOptions(Object(backend\models\LoginForm), 'code')
#2 F:\blog\vendor\yiisoft\yii2\widgets\ActiveField.php(763): yii\captcha\CaptchaValidator->clientValidateAttribute(Object(backend\models\LoginForm), 'code', Object(yii\web\View))
#3 F:\blog\vendor\yiisoft\yii2\widgets\ActiveField.php(230): yii\widgets\ActiveField->getClientOptions()
#4 F:\blog\vendor\yiisoft\yii2\widgets\ActiveField.php(220): yii\widgets\ActiveField->begin()
#5 F:\blog\vendor\yiisoft\yii2\widgets\ActiveField.php(176): yii\widgets\ActiveField->render()
#6 F:\blog\backend\views\site\login.php(38): yii\widgets\ActiveField->__toString()
#7 F:\blog\vendor\yiisoft\yii2\base\View.php(332): require('F:\\blog\\backend...')
#8 F:\blog\vendor\yiisoft\yii2\base\View.php(250): yii\base\View->renderPhpFile('F:\\blog\\backend...', Array)
#9 F:\blog\vendor\yiisoft\yii2\base\View.php(152): yii\base\View->renderFile('F:\\blog\\backend...', Array, Object(backend\controllers\SiteController))
#10 F:\blog\vendor\yiisoft\yii2\base\Controller.php(384): yii\base\View->render('login', Array, Object(backend\controllers\SiteController))
#11 F:\blog\backend\controllers\SiteController.php(83): yii\base\Controller->render('login', Array)
#12 [internal function]: backend\controllers\SiteController->actionLogin()
#13 F:\blog\vendor\yiisoft\yii2\base\InlineAction.php(57): call_user_func_array(Array, Array)
#14 F:\blog\vendor\yiisoft\yii2\base\Controller.php(157): yii\base\InlineAction->runWithParams(Array)
#15 F:\blog\vendor\yiisoft\yii2\base\Module.php(528): yii\base\Controller->runAction('login', Array)
#16 F:\blog\vendor\yiisoft\yii2\web\Application.php(103): yii\base\Module->runAction('site/login', Array)
#17 F:\blog\vendor\yiisoft\yii2\base\Application.php(386): yii\web\Application->handleRequest(Object(yii\web\Request))
#18 F:\blog\backend\web\index.php(17): yii\base\Application->run()
#19 {main} in F:\blog\vendor\yiisoft\yii2\base\ErrorHandler.php:317
Stack trace:
#0 [internal function]: yii\base\ErrorHandler->handleError(256, 'Exception (Inva...', 'F:\\blog\\vendor\\...', 317, Array)
#1 F:\blog\vendor\yiisoft\yii2\base\ErrorHandler.php(317): trigger_error('Exception (Inva...', 256)
#2 F:\blog\vendor\yiisoft\yii2\widgets\ActiveField.php(178): yii\base\ErrorHandler::convertExceptionToError(Object(yii\base\InvalidConfigException))
#3 F:\blog\backend\views\site\login.php(38): yii\widgets\ActiveField->__toString()
#4 F:\blog\vendor\yiisoft\yii2\base\View.php(332): require('F:\\blog\\backend...')
#5 F:\blog\vendor\yiisoft\yii2\base\View.php(250): yii\base\View->renderPhpFile('F:\\blog\\backend...', '[<span class="s...')
#6 F:\blog\vendor\yiisoft\yii2\base\View.php(152): yii\base\View->renderFile('F:\\blog\\backend...', Array, Object(backend\controllers\SiteController))
#7 F:\blog\vendor\yiisoft\yii2\base\Controller.php(384): yii\base\View->render('login', Array, Object(backend\controllers\SiteController))
#8 F:\blog\backend\controllers\SiteController.php(83): yii\base\Controller->render('login', Array)
#9 [internal function]: backend\controllers\SiteController->actionLogin()
#10 F:\blog\vendor\yiisoft\yii2\base\InlineAction.php(57): call_user_func_array(Array, Array)
#11 F:\blog\vendor\yiisoft\yii2\base\Controller.php(157): yii\base\InlineAction->runWithParams(Array)
#12 F:\blog\vendor\yiisoft\yii2\base\Module.php(528): yii\base\Controller->runAction('login', Array)
#13 F:\blog\vendor\yiisoft\yii2\web\Application.php(103): yii\base\Module->runAction('site/login', Array)
#14 F:\blog\vendor\yiisoft\yii2\base\Application.php(386): yii\web\Application->handleRequest(Object(yii\web\Request))
#15 F:\blog\backend\web\index.php(17): yii\base\Application->run()
#16 {main}
    in F:\blog\backend\views\site\login.php:38
    in F:\blog\backend\controllers\SiteController.php:83
2017-11-25 01:56:04 [127.0.0.1][-][hrl98lq3io34gh1d3r2nki5dd1][info][application] $_GET = [
    'r' => 'site/login'
]

$_COOKIE = [
    'advanced-backend' => 'hrl98lq3io34gh1d3r2nki5dd1'
    '_csrf-backend' => '78f93355f150bb4d3787b4401c5b51f3228eceb1c0004cfb8673462944331199a:2:{i:0;s:13:\"_csrf-backend\";i:1;s:32:\"TT9WY3zN0azD8VmThxgsigxOaDAi_r6W\";}'
]

$_SESSION = [
    '__flash' => []
]

$_SERVER = [
    'PATH' => 'C:\\WINDOWS\\system32;C:\\WINDOWS;C:\\WINDOWS\\System32\\Wbem;C:\\WINDOWS\\System32\\WindowsPowerShell\\v1.0\\;C:\\Program Files (x86)\\ATI Technologies\\ATI.ACE\\Core-Static;E:\\masql\\bin;F:\\TortoiseSVN\\bin;F:\\phpStudy\\php\\php-7.0.12-nts;C:\\ProgramData\\ComposerSetup\\bin;C:\\Program Files\\TortoiseGit\\bin;C:\\Program Files\\Git\\cmd;C:\\Users\\木鸟\\AppData\\Roaming\\Composer\\vendor\\bin'
    'SYSTEMROOT' => 'C:\\WINDOWS'
    'COMSPEC' => 'C:\\WINDOWS\\system32\\cmd.exe'
    'PATHEXT' => '.COM;.EXE;.BAT;.CMD;.VBS;.VBE;.JS;.JSE;.WSF;.WSH;.MSC'
    'WINDIR' => 'C:\\WINDOWS'
    'PHP_FCGI_MAX_REQUESTS' => '1000'
    'PHPRC' => 'F:/phpStudy/php/php-7.0.12-nts/'
    '_FCGI_SHUTDOWN_EVENT_' => '2348'
    'SCRIPT_NAME' => '/index.php'
    'REQUEST_URI' => '/index.php?r=site%2Flogin'
    'QUERY_STRING' => 'r=site%2Flogin'
    'REQUEST_METHOD' => 'GET'
    'SERVER_PROTOCOL' => 'HTTP/1.1'
    'GATEWAY_INTERFACE' => 'CGI/1.1'
    'REMOTE_PORT' => '65066'
    'SCRIPT_FILENAME' => 'F:/blog/backend/web/index.php'
    'SERVER_ADMIN' => 'admin@phpStudy.net'
    'CONTEXT_DOCUMENT_ROOT' => 'F:/blog/backend/web'
    'CONTEXT_PREFIX' => ''
    'REQUEST_SCHEME' => 'http'
    'DOCUMENT_ROOT' => 'F:/blog/backend/web'
    'REMOTE_ADDR' => '127.0.0.1'
    'SERVER_PORT' => '80'
    'SERVER_ADDR' => '127.0.0.1'
    'SERVER_NAME' => 'blog2.com'
    'SERVER_SOFTWARE' => 'Apache/2.4.23 (Win32) OpenSSL/1.0.2j mod_fcgid/2.3.9'
    'SERVER_SIGNATURE' => ''
    'SystemRoot' => 'C:\\WINDOWS'
    'HTTP_COOKIE' => 'advanced-backend=hrl98lq3io34gh1d3r2nki5dd1; _csrf-backend=78f93355f150bb4d3787b4401c5b51f3228eceb1c0004cfb8673462944331199a%3A2%3A%7Bi%3A0%3Bs%3A13%3A%22_csrf-backend%22%3Bi%3A1%3Bs%3A32%3A%22TT9WY3zN0azD8VmThxgsigxOaDAi_r6W%22%3B%7D'
    'HTTP_ACCEPT_LANGUAGE' => 'zh-CN,zh;q=0.9'
    'HTTP_ACCEPT_ENCODING' => 'gzip, deflate'
    'HTTP_ACCEPT' => 'text/html,application/xhtml+xml,application/xml;q=0.9,image/webp,image/apng,*/*;q=0.8'
    'HTTP_UPGRADE_INSECURE_REQUESTS' => '1'
    'HTTP_USER_AGENT' => 'Mozilla/5.0 (Windows NT 10.0; Win64; x64) AppleWebKit/537.36 (KHTML, like Gecko) Chrome/62.0.3202.89 Safari/537.36'
    'HTTP_CACHE_CONTROL' => 'max-age=0'
    'HTTP_CONNECTION' => 'close'
    'HTTP_HOST' => 'blog2.com'
    'FCGI_ROLE' => 'RESPONDER'
    'PHP_SELF' => '/index.php'
    'REQUEST_TIME_FLOAT' => 1511574964.1822
    'REQUEST_TIME' => 1511574964
]
2017-11-25 01:58:25 [127.0.0.1][-][hrl98lq3io34gh1d3r2nki5dd1][error][yii\web\HttpException:403] yii\web\ForbiddenHttpException: Login Required in F:\blog\vendor\yiisoft\yii2\web\User.php:427
Stack trace:
#0 F:\blog\vendor\yiisoft\yii2\filters\AccessControl.php(156): yii\web\User->loginRequired()
#1 F:\blog\vendor\yiisoft\yii2\filters\AccessControl.php(140): yii\filters\AccessControl->denyAccess(Object(yii\web\User))
#2 F:\blog\vendor\yiisoft\yii2\base\ActionFilter.php(75): yii\filters\AccessControl->beforeAction(Object(yii\captcha\CaptchaAction))
#3 [internal function]: yii\base\ActionFilter->beforeFilter(Object(yii\base\ActionEvent))
#4 F:\blog\vendor\yiisoft\yii2\base\Component.php(557): call_user_func(Array, Object(yii\base\ActionEvent))
#5 F:\blog\vendor\yiisoft\yii2\base\Controller.php(274): yii\base\Component->trigger('beforeAction', Object(yii\base\ActionEvent))
#6 F:\blog\vendor\yiisoft\yii2\web\Controller.php(164): yii\base\Controller->beforeAction(Object(yii\captcha\CaptchaAction))
#7 F:\blog\vendor\yiisoft\yii2\base\Controller.php(155): yii\web\Controller->beforeAction(Object(yii\captcha\CaptchaAction))
#8 F:\blog\vendor\yiisoft\yii2\base\Module.php(528): yii\base\Controller->runAction('captcha', Array)
#9 F:\blog\vendor\yiisoft\yii2\web\Application.php(103): yii\base\Module->runAction('site/captcha', Array)
#10 F:\blog\vendor\yiisoft\yii2\base\Application.php(386): yii\web\Application->handleRequest(Object(yii\web\Request))
#11 F:\blog\backend\web\index.php(17): yii\base\Application->run()
#12 {main}
2017-11-25 01:58:25 [127.0.0.1][-][hrl98lq3io34gh1d3r2nki5dd1][info][application] $_GET = [
    'r' => 'site/captcha'
    'v' => '5a18ce4047444'
]

$_COOKIE = [
    'advanced-backend' => 'hrl98lq3io34gh1d3r2nki5dd1'
    '_csrf-backend' => '78f93355f150bb4d3787b4401c5b51f3228eceb1c0004cfb8673462944331199a:2:{i:0;s:13:\"_csrf-backend\";i:1;s:32:\"TT9WY3zN0azD8VmThxgsigxOaDAi_r6W\";}'
]

$_SESSION = [
    '__flash' => []
    '__captcha/site/captcha' => 'ziaz'
    '__captcha/site/captchacount' => 1
]

$_SERVER = [
    'PATH' => 'C:\\WINDOWS\\system32;C:\\WINDOWS;C:\\WINDOWS\\System32\\Wbem;C:\\WINDOWS\\System32\\WindowsPowerShell\\v1.0\\;C:\\Program Files (x86)\\ATI Technologies\\ATI.ACE\\Core-Static;E:\\masql\\bin;F:\\TortoiseSVN\\bin;F:\\phpStudy\\php\\php-7.0.12-nts;C:\\ProgramData\\ComposerSetup\\bin;C:\\Program Files\\TortoiseGit\\bin;C:\\Program Files\\Git\\cmd;C:\\Users\\木鸟\\AppData\\Roaming\\Composer\\vendor\\bin'
    'SYSTEMROOT' => 'C:\\WINDOWS'
    'COMSPEC' => 'C:\\WINDOWS\\system32\\cmd.exe'
    'PATHEXT' => '.COM;.EXE;.BAT;.CMD;.VBS;.VBE;.JS;.JSE;.WSF;.WSH;.MSC'
    'WINDIR' => 'C:\\WINDOWS'
    'PHP_FCGI_MAX_REQUESTS' => '1000'
    'PHPRC' => 'F:/phpStudy/php/php-7.0.12-nts/'
    '_FCGI_SHUTDOWN_EVENT_' => '2348'
    'SCRIPT_NAME' => '/index.php'
    'REQUEST_URI' => '/index.php?r=site%2Fcaptcha&v=5a18ce4047444'
    'QUERY_STRING' => 'r=site%2Fcaptcha&v=5a18ce4047444'
    'REQUEST_METHOD' => 'GET'
    'SERVER_PROTOCOL' => 'HTTP/1.1'
    'GATEWAY_INTERFACE' => 'CGI/1.1'
    'REMOTE_PORT' => '65301'
    'SCRIPT_FILENAME' => 'F:/blog/backend/web/index.php'
    'SERVER_ADMIN' => 'admin@phpStudy.net'
    'CONTEXT_DOCUMENT_ROOT' => 'F:/blog/backend/web'
    'CONTEXT_PREFIX' => ''
    'REQUEST_SCHEME' => 'http'
    'DOCUMENT_ROOT' => 'F:/blog/backend/web'
    'REMOTE_ADDR' => '127.0.0.1'
    'SERVER_PORT' => '80'
    'SERVER_ADDR' => '127.0.0.1'
    'SERVER_NAME' => 'blog2.com'
    'SERVER_SOFTWARE' => 'Apache/2.4.23 (Win32) OpenSSL/1.0.2j mod_fcgid/2.3.9'
    'SERVER_SIGNATURE' => ''
    'SystemRoot' => 'C:\\WINDOWS'
    'HTTP_COOKIE' => 'advanced-backend=hrl98lq3io34gh1d3r2nki5dd1; _csrf-backend=78f93355f150bb4d3787b4401c5b51f3228eceb1c0004cfb8673462944331199a%3A2%3A%7Bi%3A0%3Bs%3A13%3A%22_csrf-backend%22%3Bi%3A1%3Bs%3A32%3A%22TT9WY3zN0azD8VmThxgsigxOaDAi_r6W%22%3B%7D'
    'HTTP_ACCEPT_LANGUAGE' => 'zh-CN,zh;q=0.9'
    'HTTP_ACCEPT_ENCODING' => 'gzip, deflate'
    'HTTP_REFERER' => 'http://blog2.com/index.php?r=site%2Flogin'
    'HTTP_ACCEPT' => 'image/webp,image/apng,image/*,*/*;q=0.8'
    'HTTP_USER_AGENT' => 'Mozilla/5.0 (Windows NT 10.0; Win64; x64) AppleWebKit/537.36 (KHTML, like Gecko) Chrome/62.0.3202.89 Safari/537.36'
    'HTTP_CONNECTION' => 'close'
    'HTTP_HOST' => 'blog2.com'
    'FCGI_ROLE' => 'RESPONDER'
    'PHP_SELF' => '/index.php'
    'REQUEST_TIME_FLOAT' => 1511575105.3368
    'REQUEST_TIME' => 1511575105
]
2017-11-25 02:02:04 [127.0.0.1][-][hrl98lq3io34gh1d3r2nki5dd1][error][yii\web\HttpException:403] yii\web\ForbiddenHttpException: Login Required in F:\blog\vendor\yiisoft\yii2\web\User.php:427
Stack trace:
#0 F:\blog\vendor\yiisoft\yii2\filters\AccessControl.php(156): yii\web\User->loginRequired()
#1 F:\blog\vendor\yiisoft\yii2\filters\AccessControl.php(140): yii\filters\AccessControl->denyAccess(Object(yii\web\User))
#2 F:\blog\vendor\yiisoft\yii2\base\ActionFilter.php(75): yii\filters\AccessControl->beforeAction(Object(yii\captcha\CaptchaAction))
#3 [internal function]: yii\base\ActionFilter->beforeFilter(Object(yii\base\ActionEvent))
#4 F:\blog\vendor\yiisoft\yii2\base\Component.php(557): call_user_func(Array, Object(yii\base\ActionEvent))
#5 F:\blog\vendor\yiisoft\yii2\base\Controller.php(274): yii\base\Component->trigger('beforeAction', Object(yii\base\ActionEvent))
#6 F:\blog\vendor\yiisoft\yii2\web\Controller.php(164): yii\base\Controller->beforeAction(Object(yii\captcha\CaptchaAction))
#7 F:\blog\vendor\yiisoft\yii2\base\Controller.php(155): yii\web\Controller->beforeAction(Object(yii\captcha\CaptchaAction))
#8 F:\blog\vendor\yiisoft\yii2\base\Module.php(528): yii\base\Controller->runAction('captcha', Array)
#9 F:\blog\vendor\yiisoft\yii2\web\Application.php(103): yii\base\Module->runAction('site/captcha', Array)
#10 F:\blog\vendor\yiisoft\yii2\base\Application.php(386): yii\web\Application->handleRequest(Object(yii\web\Request))
#11 F:\blog\backend\web\index.php(17): yii\base\Application->run()
#12 {main}
2017-11-25 02:02:04 [127.0.0.1][-][hrl98lq3io34gh1d3r2nki5dd1][info][application] $_GET = [
    'r' => 'site/captcha'
    'v' => '5a18cf1bdada5'
]

$_COOKIE = [
    'advanced-backend' => 'hrl98lq3io34gh1d3r2nki5dd1'
    '_csrf-backend' => '78f93355f150bb4d3787b4401c5b51f3228eceb1c0004cfb8673462944331199a:2:{i:0;s:13:\"_csrf-backend\";i:1;s:32:\"TT9WY3zN0azD8VmThxgsigxOaDAi_r6W\";}'
]

$_SESSION = [
    '__flash' => []
    '__captcha/site/captcha' => 'ziaz'
    '__captcha/site/captchacount' => 1
]

$_SERVER = [
    'PATH' => 'C:\\WINDOWS\\system32;C:\\WINDOWS;C:\\WINDOWS\\System32\\Wbem;C:\\WINDOWS\\System32\\WindowsPowerShell\\v1.0\\;C:\\Program Files (x86)\\ATI Technologies\\ATI.ACE\\Core-Static;E:\\masql\\bin;F:\\TortoiseSVN\\bin;F:\\phpStudy\\php\\php-7.0.12-nts;C:\\ProgramData\\ComposerSetup\\bin;C:\\Program Files\\TortoiseGit\\bin;C:\\Program Files\\Git\\cmd;C:\\Users\\木鸟\\AppData\\Roaming\\Composer\\vendor\\bin'
    'SYSTEMROOT' => 'C:\\WINDOWS'
    'COMSPEC' => 'C:\\WINDOWS\\system32\\cmd.exe'
    'PATHEXT' => '.COM;.EXE;.BAT;.CMD;.VBS;.VBE;.JS;.JSE;.WSF;.WSH;.MSC'
    'WINDIR' => 'C:\\WINDOWS'
    'PHP_FCGI_MAX_REQUESTS' => '1000'
    'PHPRC' => 'F:/phpStudy/php/php-7.0.12-nts/'
    '_FCGI_SHUTDOWN_EVENT_' => '2352'
    'SCRIPT_NAME' => '/index.php'
    'REQUEST_URI' => '/index.php?r=site%2Fcaptcha&v=5a18cf1bdada5'
    'QUERY_STRING' => 'r=site%2Fcaptcha&v=5a18cf1bdada5'
    'REQUEST_METHOD' => 'GET'
    'SERVER_PROTOCOL' => 'HTTP/1.1'
    'GATEWAY_INTERFACE' => 'CGI/1.1'
    'REMOTE_PORT' => '49291'
    'SCRIPT_FILENAME' => 'F:/blog/backend/web/index.php'
    'SERVER_ADMIN' => 'admin@phpStudy.net'
    'CONTEXT_DOCUMENT_ROOT' => 'F:/blog/backend/web'
    'CONTEXT_PREFIX' => ''
    'REQUEST_SCHEME' => 'http'
    'DOCUMENT_ROOT' => 'F:/blog/backend/web'
    'REMOTE_ADDR' => '127.0.0.1'
    'SERVER_PORT' => '80'
    'SERVER_ADDR' => '127.0.0.1'
    'SERVER_NAME' => 'blog2.com'
    'SERVER_SOFTWARE' => 'Apache/2.4.23 (Win32) OpenSSL/1.0.2j mod_fcgid/2.3.9'
    'SERVER_SIGNATURE' => ''
    'SystemRoot' => 'C:\\WINDOWS'
    'HTTP_COOKIE' => 'advanced-backend=hrl98lq3io34gh1d3r2nki5dd1; _csrf-backend=78f93355f150bb4d3787b4401c5b51f3228eceb1c0004cfb8673462944331199a%3A2%3A%7Bi%3A0%3Bs%3A13%3A%22_csrf-backend%22%3Bi%3A1%3Bs%3A32%3A%22TT9WY3zN0azD8VmThxgsigxOaDAi_r6W%22%3B%7D'
    'HTTP_ACCEPT_LANGUAGE' => 'zh-CN,zh;q=0.9'
    'HTTP_ACCEPT_ENCODING' => 'gzip, deflate'
    'HTTP_REFERER' => 'http://blog2.com/index.php?r=site%2Flogin'
    'HTTP_ACCEPT' => 'image/webp,image/apng,image/*,*/*;q=0.8'
    'HTTP_USER_AGENT' => 'Mozilla/5.0 (Windows NT 10.0; Win64; x64) AppleWebKit/537.36 (KHTML, like Gecko) Chrome/62.0.3202.89 Safari/537.36'
    'HTTP_CONNECTION' => 'close'
    'HTTP_HOST' => 'blog2.com'
    'FCGI_ROLE' => 'RESPONDER'
    'PHP_SELF' => '/index.php'
    'REQUEST_TIME_FLOAT' => 1511575324.0478
    'REQUEST_TIME' => 1511575324
]
2017-11-25 02:08:41 [127.0.0.1][-][hrl98lq3io34gh1d3r2nki5dd1][error][Error] Error: Class 'Breadcrumbs' not found in F:\blog\backend\views\site\login.php:35
Stack trace:
#0 F:\blog\vendor\yiisoft\yii2\base\View.php(332): require()
#1 F:\blog\vendor\yiisoft\yii2\base\View.php(250): yii\base\View->renderPhpFile('F:\\blog\\backend...', Array)
#2 F:\blog\vendor\yiisoft\yii2\base\View.php(152): yii\base\View->renderFile('F:\\blog\\backend...', Array, Object(backend\controllers\SiteController))
#3 F:\blog\vendor\yiisoft\yii2\base\Controller.php(384): yii\base\View->render('login', Array, Object(backend\controllers\SiteController))
#4 F:\blog\backend\controllers\SiteController.php(89): yii\base\Controller->render('login', Array)
#5 [internal function]: backend\controllers\SiteController->actionLogin()
#6 F:\blog\vendor\yiisoft\yii2\base\InlineAction.php(57): call_user_func_array(Array, Array)
#7 F:\blog\vendor\yiisoft\yii2\base\Controller.php(157): yii\base\InlineAction->runWithParams(Array)
#8 F:\blog\vendor\yiisoft\yii2\base\Module.php(528): yii\base\Controller->runAction('login', Array)
#9 F:\blog\vendor\yiisoft\yii2\web\Application.php(103): yii\base\Module->runAction('site/login', Array)
#10 F:\blog\vendor\yiisoft\yii2\base\Application.php(386): yii\web\Application->handleRequest(Object(yii\web\Request))
#11 F:\blog\backend\web\index.php(17): yii\base\Application->run()
#12 {main}
2017-11-25 02:08:41 [127.0.0.1][-][hrl98lq3io34gh1d3r2nki5dd1][info][application] $_GET = [
    'r' => 'site/login'
]

$_COOKIE = [
    'advanced-backend' => 'hrl98lq3io34gh1d3r2nki5dd1'
    '_csrf-backend' => '78f93355f150bb4d3787b4401c5b51f3228eceb1c0004cfb8673462944331199a:2:{i:0;s:13:\"_csrf-backend\";i:1;s:32:\"TT9WY3zN0azD8VmThxgsigxOaDAi_r6W\";}'
]

$_SESSION = [
    '__flash' => []
    '__captcha/site/captcha' => 'ziaz'
    '__captcha/site/captchacount' => 1
]

$_SERVER = [
    'PATH' => 'C:\\WINDOWS\\system32;C:\\WINDOWS;C:\\WINDOWS\\System32\\Wbem;C:\\WINDOWS\\System32\\WindowsPowerShell\\v1.0\\;C:\\Program Files (x86)\\ATI Technologies\\ATI.ACE\\Core-Static;E:\\masql\\bin;F:\\TortoiseSVN\\bin;F:\\phpStudy\\php\\php-7.0.12-nts;C:\\ProgramData\\ComposerSetup\\bin;C:\\Program Files\\TortoiseGit\\bin;C:\\Program Files\\Git\\cmd;C:\\Users\\木鸟\\AppData\\Roaming\\Composer\\vendor\\bin'
    'SYSTEMROOT' => 'C:\\WINDOWS'
    'COMSPEC' => 'C:\\WINDOWS\\system32\\cmd.exe'
    'PATHEXT' => '.COM;.EXE;.BAT;.CMD;.VBS;.VBE;.JS;.JSE;.WSF;.WSH;.MSC'
    'WINDIR' => 'C:\\WINDOWS'
    'PHP_FCGI_MAX_REQUESTS' => '1000'
    'PHPRC' => 'F:/phpStudy/php/php-7.0.12-nts/'
    '_FCGI_SHUTDOWN_EVENT_' => '2352'
    'SCRIPT_NAME' => '/index.php'
    'REQUEST_URI' => '/index.php?r=site%2Flogin'
    'QUERY_STRING' => 'r=site%2Flogin'
    'REQUEST_METHOD' => 'GET'
    'SERVER_PROTOCOL' => 'HTTP/1.1'
    'GATEWAY_INTERFACE' => 'CGI/1.1'
    'REMOTE_PORT' => '50029'
    'SCRIPT_FILENAME' => 'F:/blog/backend/web/index.php'
    'SERVER_ADMIN' => 'admin@phpStudy.net'
    'CONTEXT_DOCUMENT_ROOT' => 'F:/blog/backend/web'
    'CONTEXT_PREFIX' => ''
    'REQUEST_SCHEME' => 'http'
    'DOCUMENT_ROOT' => 'F:/blog/backend/web'
    'REMOTE_ADDR' => '127.0.0.1'
    'SERVER_PORT' => '80'
    'SERVER_ADDR' => '127.0.0.1'
    'SERVER_NAME' => 'blog2.com'
    'SERVER_SOFTWARE' => 'Apache/2.4.23 (Win32) OpenSSL/1.0.2j mod_fcgid/2.3.9'
    'SERVER_SIGNATURE' => ''
    'SystemRoot' => 'C:\\WINDOWS'
    'HTTP_COOKIE' => 'advanced-backend=hrl98lq3io34gh1d3r2nki5dd1; _csrf-backend=78f93355f150bb4d3787b4401c5b51f3228eceb1c0004cfb8673462944331199a%3A2%3A%7Bi%3A0%3Bs%3A13%3A%22_csrf-backend%22%3Bi%3A1%3Bs%3A32%3A%22TT9WY3zN0azD8VmThxgsigxOaDAi_r6W%22%3B%7D'
    'HTTP_ACCEPT_LANGUAGE' => 'zh-CN,zh;q=0.9'
    'HTTP_ACCEPT_ENCODING' => 'gzip, deflate'
    'HTTP_ACCEPT' => 'text/html,application/xhtml+xml,application/xml;q=0.9,image/webp,image/apng,*/*;q=0.8'
    'HTTP_USER_AGENT' => 'Mozilla/5.0 (Windows NT 10.0; Win64; x64) AppleWebKit/537.36 (KHTML, like Gecko) Chrome/62.0.3202.89 Safari/537.36'
    'HTTP_UPGRADE_INSECURE_REQUESTS' => '1'
    'HTTP_CACHE_CONTROL' => 'no-cache'
    'HTTP_PRAGMA' => 'no-cache'
    'HTTP_CONNECTION' => 'close'
    'HTTP_HOST' => 'blog2.com'
    'FCGI_ROLE' => 'RESPONDER'
    'PHP_SELF' => '/index.php'
    'REQUEST_TIME_FLOAT' => 1511575721.6553
    'REQUEST_TIME' => 1511575721
]
2017-11-25 02:09:57 [127.0.0.1][-][hrl98lq3io34gh1d3r2nki5dd1][error][yii\web\HttpException:403] yii\web\ForbiddenHttpException: Login Required in F:\blog\vendor\yiisoft\yii2\web\User.php:427
Stack trace:
#0 F:\blog\vendor\yiisoft\yii2\filters\AccessControl.php(156): yii\web\User->loginRequired()
#1 F:\blog\vendor\yiisoft\yii2\filters\AccessControl.php(140): yii\filters\AccessControl->denyAccess(Object(yii\web\User))
#2 F:\blog\vendor\yiisoft\yii2\base\ActionFilter.php(75): yii\filters\AccessControl->beforeAction(Object(yii\captcha\CaptchaAction))
#3 [internal function]: yii\base\ActionFilter->beforeFilter(Object(yii\base\ActionEvent))
#4 F:\blog\vendor\yiisoft\yii2\base\Component.php(557): call_user_func(Array, Object(yii\base\ActionEvent))
#5 F:\blog\vendor\yiisoft\yii2\base\Controller.php(274): yii\base\Component->trigger('beforeAction', Object(yii\base\ActionEvent))
#6 F:\blog\vendor\yiisoft\yii2\web\Controller.php(164): yii\base\Controller->beforeAction(Object(yii\captcha\CaptchaAction))
#7 F:\blog\vendor\yiisoft\yii2\base\Controller.php(155): yii\web\Controller->beforeAction(Object(yii\captcha\CaptchaAction))
#8 F:\blog\vendor\yiisoft\yii2\base\Module.php(528): yii\base\Controller->runAction('captcha', Array)
#9 F:\blog\vendor\yiisoft\yii2\web\Application.php(103): yii\base\Module->runAction('site/captcha', Array)
#10 F:\blog\vendor\yiisoft\yii2\base\Application.php(386): yii\web\Application->handleRequest(Object(yii\web\Request))
#11 F:\blog\backend\web\index.php(17): yii\base\Application->run()
#12 {main}
2017-11-25 02:09:57 [127.0.0.1][-][hrl98lq3io34gh1d3r2nki5dd1][info][application] $_GET = [
    'r' => 'site/captcha'
    'v' => '5a18d0f4cdb58'
]

$_COOKIE = [
    'advanced-backend' => 'hrl98lq3io34gh1d3r2nki5dd1'
    '_csrf-backend' => '78f93355f150bb4d3787b4401c5b51f3228eceb1c0004cfb8673462944331199a:2:{i:0;s:13:\"_csrf-backend\";i:1;s:32:\"TT9WY3zN0azD8VmThxgsigxOaDAi_r6W\";}'
]

$_SESSION = [
    '__flash' => []
    '__captcha/site/captcha' => 'ziaz'
    '__captcha/site/captchacount' => 1
]

$_SERVER = [
    'PATH' => 'C:\\WINDOWS\\system32;C:\\WINDOWS;C:\\WINDOWS\\System32\\Wbem;C:\\WINDOWS\\System32\\WindowsPowerShell\\v1.0\\;C:\\Program Files (x86)\\ATI Technologies\\ATI.ACE\\Core-Static;E:\\masql\\bin;F:\\TortoiseSVN\\bin;F:\\phpStudy\\php\\php-7.0.12-nts;C:\\ProgramData\\ComposerSetup\\bin;C:\\Program Files\\TortoiseGit\\bin;C:\\Program Files\\Git\\cmd;C:\\Users\\木鸟\\AppData\\Roaming\\Composer\\vendor\\bin'
    'SYSTEMROOT' => 'C:\\WINDOWS'
    'COMSPEC' => 'C:\\WINDOWS\\system32\\cmd.exe'
    'PATHEXT' => '.COM;.EXE;.BAT;.CMD;.VBS;.VBE;.JS;.JSE;.WSF;.WSH;.MSC'
    'WINDIR' => 'C:\\WINDOWS'
    'PHP_FCGI_MAX_REQUESTS' => '1000'
    'PHPRC' => 'F:/phpStudy/php/php-7.0.12-nts/'
    '_FCGI_SHUTDOWN_EVENT_' => '2312'
    'SCRIPT_NAME' => '/index.php'
    'REQUEST_URI' => '/index.php?r=site%2Fcaptcha&v=5a18d0f4cdb58'
    'QUERY_STRING' => 'r=site%2Fcaptcha&v=5a18d0f4cdb58'
    'REQUEST_METHOD' => 'GET'
    'SERVER_PROTOCOL' => 'HTTP/1.1'
    'GATEWAY_INTERFACE' => 'CGI/1.1'
    'REMOTE_PORT' => '50147'
    'SCRIPT_FILENAME' => 'F:/blog/backend/web/index.php'
    'SERVER_ADMIN' => 'admin@phpStudy.net'
    'CONTEXT_DOCUMENT_ROOT' => 'F:/blog/backend/web'
    'CONTEXT_PREFIX' => ''
    'REQUEST_SCHEME' => 'http'
    'DOCUMENT_ROOT' => 'F:/blog/backend/web'
    'REMOTE_ADDR' => '127.0.0.1'
    'SERVER_PORT' => '80'
    'SERVER_ADDR' => '127.0.0.1'
    'SERVER_NAME' => 'blog2.com'
    'SERVER_SOFTWARE' => 'Apache/2.4.23 (Win32) OpenSSL/1.0.2j mod_fcgid/2.3.9'
    'SERVER_SIGNATURE' => ''
    'SystemRoot' => 'C:\\WINDOWS'
    'HTTP_COOKIE' => 'advanced-backend=hrl98lq3io34gh1d3r2nki5dd1; _csrf-backend=78f93355f150bb4d3787b4401c5b51f3228eceb1c0004cfb8673462944331199a%3A2%3A%7Bi%3A0%3Bs%3A13%3A%22_csrf-backend%22%3Bi%3A1%3Bs%3A32%3A%22TT9WY3zN0azD8VmThxgsigxOaDAi_r6W%22%3B%7D'
    'HTTP_ACCEPT_LANGUAGE' => 'zh-CN,zh;q=0.9'
    'HTTP_ACCEPT_ENCODING' => 'gzip, deflate'
    'HTTP_REFERER' => 'http://blog2.com/index.php?r=site%2Flogin'
    'HTTP_ACCEPT' => 'image/webp,image/apng,image/*,*/*;q=0.8'
    'HTTP_USER_AGENT' => 'Mozilla/5.0 (Windows NT 10.0; Win64; x64) AppleWebKit/537.36 (KHTML, like Gecko) Chrome/62.0.3202.89 Safari/537.36'
    'HTTP_CACHE_CONTROL' => 'no-cache'
    'HTTP_PRAGMA' => 'no-cache'
    'HTTP_CONNECTION' => 'close'
    'HTTP_HOST' => 'blog2.com'
    'FCGI_ROLE' => 'RESPONDER'
    'PHP_SELF' => '/index.php'
    'REQUEST_TIME_FLOAT' => 1511575797.0623
    'REQUEST_TIME' => 1511575797
]
2017-11-25 02:10:36 [127.0.0.1][-][hrl98lq3io34gh1d3r2nki5dd1][error][yii\web\HttpException:403] yii\web\ForbiddenHttpException: Login Required in F:\blog\vendor\yiisoft\yii2\web\User.php:427
Stack trace:
#0 F:\blog\vendor\yiisoft\yii2\filters\AccessControl.php(156): yii\web\User->loginRequired()
#1 F:\blog\vendor\yiisoft\yii2\filters\AccessControl.php(140): yii\filters\AccessControl->denyAccess(Object(yii\web\User))
#2 F:\blog\vendor\yiisoft\yii2\base\ActionFilter.php(75): yii\filters\AccessControl->beforeAction(Object(yii\captcha\CaptchaAction))
#3 [internal function]: yii\base\ActionFilter->beforeFilter(Object(yii\base\ActionEvent))
#4 F:\blog\vendor\yiisoft\yii2\base\Component.php(557): call_user_func(Array, Object(yii\base\ActionEvent))
#5 F:\blog\vendor\yiisoft\yii2\base\Controller.php(274): yii\base\Component->trigger('beforeAction', Object(yii\base\ActionEvent))
#6 F:\blog\vendor\yiisoft\yii2\web\Controller.php(164): yii\base\Controller->beforeAction(Object(yii\captcha\CaptchaAction))
#7 F:\blog\vendor\yiisoft\yii2\base\Controller.php(155): yii\web\Controller->beforeAction(Object(yii\captcha\CaptchaAction))
#8 F:\blog\vendor\yiisoft\yii2\base\Module.php(528): yii\base\Controller->runAction('captcha', Array)
#9 F:\blog\vendor\yiisoft\yii2\web\Application.php(103): yii\base\Module->runAction('site/captcha', Array)
#10 F:\blog\vendor\yiisoft\yii2\base\Application.php(386): yii\web\Application->handleRequest(Object(yii\web\Request))
#11 F:\blog\backend\web\index.php(17): yii\base\Application->run()
#12 {main}
2017-11-25 02:10:36 [127.0.0.1][-][hrl98lq3io34gh1d3r2nki5dd1][info][application] $_GET = [
    'r' => 'site/captcha'
    'v' => '5a18d11cb9d2e'
]

$_COOKIE = [
    'advanced-backend' => 'hrl98lq3io34gh1d3r2nki5dd1'
    '_csrf-backend' => '78f93355f150bb4d3787b4401c5b51f3228eceb1c0004cfb8673462944331199a:2:{i:0;s:13:\"_csrf-backend\";i:1;s:32:\"TT9WY3zN0azD8VmThxgsigxOaDAi_r6W\";}'
]

$_SESSION = [
    '__flash' => []
    '__captcha/site/captcha' => 'ziaz'
    '__captcha/site/captchacount' => 1
]

$_SERVER = [
    'PATH' => 'C:\\WINDOWS\\system32;C:\\WINDOWS;C:\\WINDOWS\\System32\\Wbem;C:\\WINDOWS\\System32\\WindowsPowerShell\\v1.0\\;C:\\Program Files (x86)\\ATI Technologies\\ATI.ACE\\Core-Static;E:\\masql\\bin;F:\\TortoiseSVN\\bin;F:\\phpStudy\\php\\php-7.0.12-nts;C:\\ProgramData\\ComposerSetup\\bin;C:\\Program Files\\TortoiseGit\\bin;C:\\Program Files\\Git\\cmd;C:\\Users\\木鸟\\AppData\\Roaming\\Composer\\vendor\\bin'
    'SYSTEMROOT' => 'C:\\WINDOWS'
    'COMSPEC' => 'C:\\WINDOWS\\system32\\cmd.exe'
    'PATHEXT' => '.COM;.EXE;.BAT;.CMD;.VBS;.VBE;.JS;.JSE;.WSF;.WSH;.MSC'
    'WINDIR' => 'C:\\WINDOWS'
    'PHP_FCGI_MAX_REQUESTS' => '1000'
    'PHPRC' => 'F:/phpStudy/php/php-7.0.12-nts/'
    '_FCGI_SHUTDOWN_EVENT_' => '2312'
    'SCRIPT_NAME' => '/index.php'
    'REQUEST_URI' => '/index.php?r=site%2Fcaptcha&v=5a18d11cb9d2e'
    'QUERY_STRING' => 'r=site%2Fcaptcha&v=5a18d11cb9d2e'
    'REQUEST_METHOD' => 'GET'
    'SERVER_PROTOCOL' => 'HTTP/1.1'
    'GATEWAY_INTERFACE' => 'CGI/1.1'
    'REMOTE_PORT' => '50191'
    'SCRIPT_FILENAME' => 'F:/blog/backend/web/index.php'
    'SERVER_ADMIN' => 'admin@phpStudy.net'
    'CONTEXT_DOCUMENT_ROOT' => 'F:/blog/backend/web'
    'CONTEXT_PREFIX' => ''
    'REQUEST_SCHEME' => 'http'
    'DOCUMENT_ROOT' => 'F:/blog/backend/web'
    'REMOTE_ADDR' => '127.0.0.1'
    'SERVER_PORT' => '80'
    'SERVER_ADDR' => '127.0.0.1'
    'SERVER_NAME' => 'blog2.com'
    'SERVER_SOFTWARE' => 'Apache/2.4.23 (Win32) OpenSSL/1.0.2j mod_fcgid/2.3.9'
    'SERVER_SIGNATURE' => ''
    'SystemRoot' => 'C:\\WINDOWS'
    'HTTP_COOKIE' => 'advanced-backend=hrl98lq3io34gh1d3r2nki5dd1; _csrf-backend=78f93355f150bb4d3787b4401c5b51f3228eceb1c0004cfb8673462944331199a%3A2%3A%7Bi%3A0%3Bs%3A13%3A%22_csrf-backend%22%3Bi%3A1%3Bs%3A32%3A%22TT9WY3zN0azD8VmThxgsigxOaDAi_r6W%22%3B%7D'
    'HTTP_ACCEPT_LANGUAGE' => 'zh-CN,zh;q=0.9'
    'HTTP_ACCEPT_ENCODING' => 'gzip, deflate'
    'HTTP_REFERER' => 'http://blog2.com/index.php?r=site%2Flogin'
    'HTTP_ACCEPT' => 'image/webp,image/apng,image/*,*/*;q=0.8'
    'HTTP_USER_AGENT' => 'Mozilla/5.0 (Windows NT 10.0; Win64; x64) AppleWebKit/537.36 (KHTML, like Gecko) Chrome/62.0.3202.89 Safari/537.36'
    'HTTP_CONNECTION' => 'close'
    'HTTP_HOST' => 'blog2.com'
    'FCGI_ROLE' => 'RESPONDER'
    'PHP_SELF' => '/index.php'
    'REQUEST_TIME_FLOAT' => 1511575836.8096
    'REQUEST_TIME' => 1511575836
]
2017-11-25 02:11:50 [127.0.0.1][-][hrl98lq3io34gh1d3r2nki5dd1][error][yii\web\HttpException:403] yii\web\ForbiddenHttpException: Login Required in F:\blog\vendor\yiisoft\yii2\web\User.php:427
Stack trace:
#0 F:\blog\vendor\yiisoft\yii2\filters\AccessControl.php(156): yii\web\User->loginRequired()
#1 F:\blog\vendor\yiisoft\yii2\filters\AccessControl.php(140): yii\filters\AccessControl->denyAccess(Object(yii\web\User))
#2 F:\blog\vendor\yiisoft\yii2\base\ActionFilter.php(75): yii\filters\AccessControl->beforeAction(Object(yii\captcha\CaptchaAction))
#3 [internal function]: yii\base\ActionFilter->beforeFilter(Object(yii\base\ActionEvent))
#4 F:\blog\vendor\yiisoft\yii2\base\Component.php(557): call_user_func(Array, Object(yii\base\ActionEvent))
#5 F:\blog\vendor\yiisoft\yii2\base\Controller.php(274): yii\base\Component->trigger('beforeAction', Object(yii\base\ActionEvent))
#6 F:\blog\vendor\yiisoft\yii2\web\Controller.php(164): yii\base\Controller->beforeAction(Object(yii\captcha\CaptchaAction))
#7 F:\blog\vendor\yiisoft\yii2\base\Controller.php(155): yii\web\Controller->beforeAction(Object(yii\captcha\CaptchaAction))
#8 F:\blog\vendor\yiisoft\yii2\base\Module.php(528): yii\base\Controller->runAction('captcha', Array)
#9 F:\blog\vendor\yiisoft\yii2\web\Application.php(103): yii\base\Module->runAction('site/captcha', Array)
#10 F:\blog\vendor\yiisoft\yii2\base\Application.php(386): yii\web\Application->handleRequest(Object(yii\web\Request))
#11 F:\blog\backend\web\index.php(17): yii\base\Application->run()
#12 {main}
2017-11-25 02:11:50 [127.0.0.1][-][hrl98lq3io34gh1d3r2nki5dd1][info][application] $_GET = [
    'r' => 'site/captcha'
    'v' => '5a18d165259e1'
]

$_COOKIE = [
    'advanced-backend' => 'hrl98lq3io34gh1d3r2nki5dd1'
    '_csrf-backend' => '78f93355f150bb4d3787b4401c5b51f3228eceb1c0004cfb8673462944331199a:2:{i:0;s:13:\"_csrf-backend\";i:1;s:32:\"TT9WY3zN0azD8VmThxgsigxOaDAi_r6W\";}'
]

$_SESSION = [
    '__flash' => []
    '__captcha/site/captcha' => 'ziaz'
    '__captcha/site/captchacount' => 1
]

$_SERVER = [
    'PATH' => 'C:\\WINDOWS\\system32;C:\\WINDOWS;C:\\WINDOWS\\System32\\Wbem;C:\\WINDOWS\\System32\\WindowsPowerShell\\v1.0\\;C:\\Program Files (x86)\\ATI Technologies\\ATI.ACE\\Core-Static;E:\\masql\\bin;F:\\TortoiseSVN\\bin;F:\\phpStudy\\php\\php-7.0.12-nts;C:\\ProgramData\\ComposerSetup\\bin;C:\\Program Files\\TortoiseGit\\bin;C:\\Program Files\\Git\\cmd;C:\\Users\\木鸟\\AppData\\Roaming\\Composer\\vendor\\bin'
    'SYSTEMROOT' => 'C:\\WINDOWS'
    'COMSPEC' => 'C:\\WINDOWS\\system32\\cmd.exe'
    'PATHEXT' => '.COM;.EXE;.BAT;.CMD;.VBS;.VBE;.JS;.JSE;.WSF;.WSH;.MSC'
    'WINDIR' => 'C:\\WINDOWS'
    'PHP_FCGI_MAX_REQUESTS' => '1000'
    'PHPRC' => 'F:/phpStudy/php/php-7.0.12-nts/'
    '_FCGI_SHUTDOWN_EVENT_' => '2312'
    'SCRIPT_NAME' => '/index.php'
    'REQUEST_URI' => '/index.php?r=site%2Fcaptcha&v=5a18d165259e1'
    'QUERY_STRING' => 'r=site%2Fcaptcha&v=5a18d165259e1'
    'REQUEST_METHOD' => 'GET'
    'SERVER_PROTOCOL' => 'HTTP/1.1'
    'GATEWAY_INTERFACE' => 'CGI/1.1'
    'REMOTE_PORT' => '50223'
    'SCRIPT_FILENAME' => 'F:/blog/backend/web/index.php'
    'SERVER_ADMIN' => 'admin@phpStudy.net'
    'CONTEXT_DOCUMENT_ROOT' => 'F:/blog/backend/web'
    'CONTEXT_PREFIX' => ''
    'REQUEST_SCHEME' => 'http'
    'DOCUMENT_ROOT' => 'F:/blog/backend/web'
    'REMOTE_ADDR' => '127.0.0.1'
    'SERVER_PORT' => '80'
    'SERVER_ADDR' => '127.0.0.1'
    'SERVER_NAME' => 'blog2.com'
    'SERVER_SOFTWARE' => 'Apache/2.4.23 (Win32) OpenSSL/1.0.2j mod_fcgid/2.3.9'
    'SERVER_SIGNATURE' => ''
    'SystemRoot' => 'C:\\WINDOWS'
    'HTTP_COOKIE' => 'advanced-backend=hrl98lq3io34gh1d3r2nki5dd1; _csrf-backend=78f93355f150bb4d3787b4401c5b51f3228eceb1c0004cfb8673462944331199a%3A2%3A%7Bi%3A0%3Bs%3A13%3A%22_csrf-backend%22%3Bi%3A1%3Bs%3A32%3A%22TT9WY3zN0azD8VmThxgsigxOaDAi_r6W%22%3B%7D'
    'HTTP_ACCEPT_LANGUAGE' => 'zh-CN,zh;q=0.9'
    'HTTP_ACCEPT_ENCODING' => 'gzip, deflate'
    'HTTP_REFERER' => 'http://blog2.com/index.php?r=site%2Flogin'
    'HTTP_ACCEPT' => 'image/webp,image/apng,image/*,*/*;q=0.8'
    'HTTP_USER_AGENT' => 'Mozilla/5.0 (Windows NT 10.0; Win64; x64) AppleWebKit/537.36 (KHTML, like Gecko) Chrome/62.0.3202.89 Safari/537.36'
    'HTTP_CONNECTION' => 'close'
    'HTTP_HOST' => 'blog2.com'
    'FCGI_ROLE' => 'RESPONDER'
    'PHP_SELF' => '/index.php'
    'REQUEST_TIME_FLOAT' => 1511575910.1844
    'REQUEST_TIME' => 1511575910
]
2017-11-25 02:12:05 [127.0.0.1][-][hrl98lq3io34gh1d3r2nki5dd1][error][yii\web\HttpException:403] yii\web\ForbiddenHttpException: Login Required in F:\blog\vendor\yiisoft\yii2\web\User.php:427
Stack trace:
#0 F:\blog\vendor\yiisoft\yii2\filters\AccessControl.php(156): yii\web\User->loginRequired()
#1 F:\blog\vendor\yiisoft\yii2\filters\AccessControl.php(140): yii\filters\AccessControl->denyAccess(Object(yii\web\User))
#2 F:\blog\vendor\yiisoft\yii2\base\ActionFilter.php(75): yii\filters\AccessControl->beforeAction(Object(yii\captcha\CaptchaAction))
#3 [internal function]: yii\base\ActionFilter->beforeFilter(Object(yii\base\ActionEvent))
#4 F:\blog\vendor\yiisoft\yii2\base\Component.php(557): call_user_func(Array, Object(yii\base\ActionEvent))
#5 F:\blog\vendor\yiisoft\yii2\base\Controller.php(274): yii\base\Component->trigger('beforeAction', Object(yii\base\ActionEvent))
#6 F:\blog\vendor\yiisoft\yii2\web\Controller.php(164): yii\base\Controller->beforeAction(Object(yii\captcha\CaptchaAction))
#7 F:\blog\vendor\yiisoft\yii2\base\Controller.php(155): yii\web\Controller->beforeAction(Object(yii\captcha\CaptchaAction))
#8 F:\blog\vendor\yiisoft\yii2\base\Module.php(528): yii\base\Controller->runAction('captcha', Array)
#9 F:\blog\vendor\yiisoft\yii2\web\Application.php(103): yii\base\Module->runAction('site/captcha', Array)
#10 F:\blog\vendor\yiisoft\yii2\base\Application.php(386): yii\web\Application->handleRequest(Object(yii\web\Request))
#11 F:\blog\backend\web\index.php(17): yii\base\Application->run()
#12 {main}
2017-11-25 02:12:05 [127.0.0.1][-][hrl98lq3io34gh1d3r2nki5dd1][info][application] $_GET = [
    'r' => 'site/captcha'
    'v' => '5a18d173ead98'
]

$_COOKIE = [
    'advanced-backend' => 'hrl98lq3io34gh1d3r2nki5dd1'
    '_csrf-backend' => '78f93355f150bb4d3787b4401c5b51f3228eceb1c0004cfb8673462944331199a:2:{i:0;s:13:\"_csrf-backend\";i:1;s:32:\"TT9WY3zN0azD8VmThxgsigxOaDAi_r6W\";}'
]

$_SESSION = [
    '__flash' => []
    '__captcha/site/captcha' => 'ziaz'
    '__captcha/site/captchacount' => 1
]

$_SERVER = [
    'PATH' => 'C:\\WINDOWS\\system32;C:\\WINDOWS;C:\\WINDOWS\\System32\\Wbem;C:\\WINDOWS\\System32\\WindowsPowerShell\\v1.0\\;C:\\Program Files (x86)\\ATI Technologies\\ATI.ACE\\Core-Static;E:\\masql\\bin;F:\\TortoiseSVN\\bin;F:\\phpStudy\\php\\php-7.0.12-nts;C:\\ProgramData\\ComposerSetup\\bin;C:\\Program Files\\TortoiseGit\\bin;C:\\Program Files\\Git\\cmd;C:\\Users\\木鸟\\AppData\\Roaming\\Composer\\vendor\\bin'
    'SYSTEMROOT' => 'C:\\WINDOWS'
    'COMSPEC' => 'C:\\WINDOWS\\system32\\cmd.exe'
    'PATHEXT' => '.COM;.EXE;.BAT;.CMD;.VBS;.VBE;.JS;.JSE;.WSF;.WSH;.MSC'
    'WINDIR' => 'C:\\WINDOWS'
    'PHP_FCGI_MAX_REQUESTS' => '1000'
    'PHPRC' => 'F:/phpStudy/php/php-7.0.12-nts/'
    '_FCGI_SHUTDOWN_EVENT_' => '2312'
    'SCRIPT_NAME' => '/index.php'
    'REQUEST_URI' => '/index.php?r=site%2Fcaptcha&v=5a18d173ead98'
    'QUERY_STRING' => 'r=site%2Fcaptcha&v=5a18d173ead98'
    'REQUEST_METHOD' => 'GET'
    'SERVER_PROTOCOL' => 'HTTP/1.1'
    'GATEWAY_INTERFACE' => 'CGI/1.1'
    'REMOTE_PORT' => '50233'
    'SCRIPT_FILENAME' => 'F:/blog/backend/web/index.php'
    'SERVER_ADMIN' => 'admin@phpStudy.net'
    'CONTEXT_DOCUMENT_ROOT' => 'F:/blog/backend/web'
    'CONTEXT_PREFIX' => ''
    'REQUEST_SCHEME' => 'http'
    'DOCUMENT_ROOT' => 'F:/blog/backend/web'
    'REMOTE_ADDR' => '127.0.0.1'
    'SERVER_PORT' => '80'
    'SERVER_ADDR' => '127.0.0.1'
    'SERVER_NAME' => 'blog2.com'
    'SERVER_SOFTWARE' => 'Apache/2.4.23 (Win32) OpenSSL/1.0.2j mod_fcgid/2.3.9'
    'SERVER_SIGNATURE' => ''
    'SystemRoot' => 'C:\\WINDOWS'
    'HTTP_COOKIE' => 'advanced-backend=hrl98lq3io34gh1d3r2nki5dd1; _csrf-backend=78f93355f150bb4d3787b4401c5b51f3228eceb1c0004cfb8673462944331199a%3A2%3A%7Bi%3A0%3Bs%3A13%3A%22_csrf-backend%22%3Bi%3A1%3Bs%3A32%3A%22TT9WY3zN0azD8VmThxgsigxOaDAi_r6W%22%3B%7D'
    'HTTP_ACCEPT_LANGUAGE' => 'zh-CN,zh;q=0.9'
    'HTTP_ACCEPT_ENCODING' => 'gzip, deflate'
    'HTTP_REFERER' => 'http://blog2.com/index.php?r=site%2Flogin'
    'HTTP_ACCEPT' => 'image/webp,image/apng,image/*,*/*;q=0.8'
    'HTTP_USER_AGENT' => 'Mozilla/5.0 (Windows NT 10.0; Win64; x64) AppleWebKit/537.36 (KHTML, like Gecko) Chrome/62.0.3202.89 Safari/537.36'
    'HTTP_CONNECTION' => 'close'
    'HTTP_HOST' => 'blog2.com'
    'FCGI_ROLE' => 'RESPONDER'
    'PHP_SELF' => '/index.php'
    'REQUEST_TIME_FLOAT' => 1511575924.9862
    'REQUEST_TIME' => 1511575924
]
2017-11-25 02:40:55 [127.0.0.1][-][hrl98lq3io34gh1d3r2nki5dd1][error][yii\base\ErrorException:8] yii\base\ErrorException: Undefined variable: page in F:\blog\backend\views\user\index.php:155
Stack trace:
#0 F:\blog\backend\views\user\index.php(155): yii\base\ErrorHandler->handleError(8, 'Undefined varia...', 'F:\\blog\\backend...', 155, Array)
#1 F:\blog\vendor\yiisoft\yii2\base\View.php(332): require('F:\\blog\\backend...')
#2 F:\blog\vendor\yiisoft\yii2\base\View.php(250): yii\base\View->renderPhpFile('F:\\blog\\backend...', Array)
#3 F:\blog\vendor\yiisoft\yii2\base\View.php(152): yii\base\View->renderFile('F:\\blog\\backend...', Array, Object(backend\controllers\UserController))
#4 F:\blog\vendor\yiisoft\yii2\base\Controller.php(384): yii\base\View->render('index', Array, Object(backend\controllers\UserController))
#5 F:\blog\backend\controllers\UserController.php(16): yii\base\Controller->render('index', Array)
#6 [internal function]: backend\controllers\UserController->actionIndex()
#7 F:\blog\vendor\yiisoft\yii2\base\InlineAction.php(57): call_user_func_array(Array, Array)
#8 F:\blog\vendor\yiisoft\yii2\base\Controller.php(157): yii\base\InlineAction->runWithParams(Array)
#9 F:\blog\vendor\yiisoft\yii2\base\Module.php(528): yii\base\Controller->runAction('index', Array)
#10 F:\blog\vendor\yiisoft\yii2\web\Application.php(103): yii\base\Module->runAction('user/index', Array)
#11 F:\blog\vendor\yiisoft\yii2\base\Application.php(386): yii\web\Application->handleRequest(Object(yii\web\Request))
#12 F:\blog\backend\web\index.php(17): yii\base\Application->run()
#13 {main}
2017-11-25 02:40:54 [127.0.0.1][-][hrl98lq3io34gh1d3r2nki5dd1][info][application] $_GET = [
    'r' => 'user/index'
]

$_COOKIE = [
    'advanced-backend' => 'hrl98lq3io34gh1d3r2nki5dd1'
    '_csrf-backend' => '78f93355f150bb4d3787b4401c5b51f3228eceb1c0004cfb8673462944331199a:2:{i:0;s:13:\"_csrf-backend\";i:1;s:32:\"TT9WY3zN0azD8VmThxgsigxOaDAi_r6W\";}'
]

$_SESSION = [
    '__flash' => []
    '__captcha/site/captcha' => 'qenrv'
    '__captcha/site/captchacount' => 1
]

$_SERVER = [
    'PATH' => 'C:\\WINDOWS\\system32;C:\\WINDOWS;C:\\WINDOWS\\System32\\Wbem;C:\\WINDOWS\\System32\\WindowsPowerShell\\v1.0\\;C:\\Program Files (x86)\\ATI Technologies\\ATI.ACE\\Core-Static;E:\\masql\\bin;F:\\TortoiseSVN\\bin;F:\\phpStudy\\php\\php-7.0.12-nts;C:\\ProgramData\\ComposerSetup\\bin;C:\\Program Files\\TortoiseGit\\bin;C:\\Program Files\\Git\\cmd;C:\\Users\\木鸟\\AppData\\Roaming\\Composer\\vendor\\bin'
    'SYSTEMROOT' => 'C:\\WINDOWS'
    'COMSPEC' => 'C:\\WINDOWS\\system32\\cmd.exe'
    'PATHEXT' => '.COM;.EXE;.BAT;.CMD;.VBS;.VBE;.JS;.JSE;.WSF;.WSH;.MSC'
    'WINDIR' => 'C:\\WINDOWS'
    'PHP_FCGI_MAX_REQUESTS' => '1000'
    'PHPRC' => 'F:/phpStudy/php/php-7.0.12-nts/'
    '_FCGI_SHUTDOWN_EVENT_' => '2068'
    'SCRIPT_NAME' => '/index.php'
    'REQUEST_URI' => '/index.php?r=user/index'
    'QUERY_STRING' => 'r=user/index'
    'REQUEST_METHOD' => 'GET'
    'SERVER_PROTOCOL' => 'HTTP/1.1'
    'GATEWAY_INTERFACE' => 'CGI/1.1'
    'REMOTE_PORT' => '53227'
    'SCRIPT_FILENAME' => 'F:/blog/backend/web/index.php'
    'SERVER_ADMIN' => 'admin@phpStudy.net'
    'CONTEXT_DOCUMENT_ROOT' => 'F:/blog/backend/web'
    'CONTEXT_PREFIX' => ''
    'REQUEST_SCHEME' => 'http'
    'DOCUMENT_ROOT' => 'F:/blog/backend/web'
    'REMOTE_ADDR' => '127.0.0.1'
    'SERVER_PORT' => '80'
    'SERVER_ADDR' => '127.0.0.1'
    'SERVER_NAME' => 'blog2.com'
    'SERVER_SOFTWARE' => 'Apache/2.4.23 (Win32) OpenSSL/1.0.2j mod_fcgid/2.3.9'
    'SERVER_SIGNATURE' => ''
    'SystemRoot' => 'C:\\WINDOWS'
    'HTTP_COOKIE' => 'advanced-backend=hrl98lq3io34gh1d3r2nki5dd1; _csrf-backend=78f93355f150bb4d3787b4401c5b51f3228eceb1c0004cfb8673462944331199a%3A2%3A%7Bi%3A0%3Bs%3A13%3A%22_csrf-backend%22%3Bi%3A1%3Bs%3A32%3A%22TT9WY3zN0azD8VmThxgsigxOaDAi_r6W%22%3B%7D'
    'HTTP_ACCEPT_LANGUAGE' => 'zh-CN,zh;q=0.9'
    'HTTP_ACCEPT_ENCODING' => 'gzip, deflate'
    'HTTP_ACCEPT' => 'text/html,application/xhtml+xml,application/xml;q=0.9,image/webp,image/apng,*/*;q=0.8'
    'HTTP_UPGRADE_INSECURE_REQUESTS' => '1'
    'HTTP_USER_AGENT' => 'Mozilla/5.0 (Windows NT 10.0; Win64; x64) AppleWebKit/537.36 (KHTML, like Gecko) Chrome/62.0.3202.89 Safari/537.36'
    'HTTP_CONNECTION' => 'close'
    'HTTP_HOST' => 'blog2.com'
    'FCGI_ROLE' => 'RESPONDER'
    'PHP_SELF' => '/index.php'
    'REQUEST_TIME_FLOAT' => 1511577654.6558
    'REQUEST_TIME' => 1511577654
]
2017-11-25 03:15:52 [127.0.0.1][-][hrl98lq3io34gh1d3r2nki5dd1][error][yii\web\HttpException:404] yii\base\InvalidRouteException: Unable to resolve the request "admin-user/index". in F:\blog\vendor\yiisoft\yii2\base\Module.php:537
Stack trace:
#0 F:\blog\vendor\yiisoft\yii2\web\Application.php(103): yii\base\Module->runAction('admin-user/inde...', Array)
#1 F:\blog\vendor\yiisoft\yii2\base\Application.php(386): yii\web\Application->handleRequest(Object(yii\web\Request))
#2 F:\blog\backend\web\index.php(17): yii\base\Application->run()
#3 {main}

Next yii\web\NotFoundHttpException: 页面未找到。 in F:\blog\vendor\yiisoft\yii2\web\Application.php:115
Stack trace:
#0 F:\blog\vendor\yiisoft\yii2\base\Application.php(386): yii\web\Application->handleRequest(Object(yii\web\Request))
#1 F:\blog\backend\web\index.php(17): yii\base\Application->run()
#2 {main}
2017-11-25 03:15:52 [127.0.0.1][-][hrl98lq3io34gh1d3r2nki5dd1][info][application] $_GET = [
    'r' => 'admin-user/index'
]

$_COOKIE = [
    'advanced-backend' => 'hrl98lq3io34gh1d3r2nki5dd1'
    '_csrf-backend' => '78f93355f150bb4d3787b4401c5b51f3228eceb1c0004cfb8673462944331199a:2:{i:0;s:13:\"_csrf-backend\";i:1;s:32:\"TT9WY3zN0azD8VmThxgsigxOaDAi_r6W\";}'
]

$_SESSION = [
    '__flash' => [
        'success' => -1
    ]
    '__captcha/site/captcha' => 'qenrv'
    '__captcha/site/captchacount' => 1
    'success' => '添加成功！'
]

$_SERVER = [
    'PATH' => 'C:\\WINDOWS\\system32;C:\\WINDOWS;C:\\WINDOWS\\System32\\Wbem;C:\\WINDOWS\\System32\\WindowsPowerShell\\v1.0\\;C:\\Program Files (x86)\\ATI Technologies\\ATI.ACE\\Core-Static;E:\\masql\\bin;F:\\TortoiseSVN\\bin;F:\\phpStudy\\php\\php-7.0.12-nts;C:\\ProgramData\\ComposerSetup\\bin;C:\\Program Files\\TortoiseGit\\bin;C:\\Program Files\\Git\\cmd;C:\\Users\\木鸟\\AppData\\Roaming\\Composer\\vendor\\bin'
    'SYSTEMROOT' => 'C:\\WINDOWS'
    'COMSPEC' => 'C:\\WINDOWS\\system32\\cmd.exe'
    'PATHEXT' => '.COM;.EXE;.BAT;.CMD;.VBS;.VBE;.JS;.JSE;.WSF;.WSH;.MSC'
    'WINDIR' => 'C:\\WINDOWS'
    'PHP_FCGI_MAX_REQUESTS' => '1000'
    'PHPRC' => 'F:/phpStudy/php/php-7.0.12-nts/'
    '_FCGI_SHUTDOWN_EVENT_' => '2296'
    'SCRIPT_NAME' => '/index.php'
    'REQUEST_URI' => '/index.php?r=admin-user%2Findex'
    'QUERY_STRING' => 'r=admin-user%2Findex'
    'REQUEST_METHOD' => 'GET'
    'SERVER_PROTOCOL' => 'HTTP/1.1'
    'GATEWAY_INTERFACE' => 'CGI/1.1'
    'REMOTE_PORT' => '56893'
    'SCRIPT_FILENAME' => 'F:/blog/backend/web/index.php'
    'SERVER_ADMIN' => 'admin@phpStudy.net'
    'CONTEXT_DOCUMENT_ROOT' => 'F:/blog/backend/web'
    'CONTEXT_PREFIX' => ''
    'REQUEST_SCHEME' => 'http'
    'DOCUMENT_ROOT' => 'F:/blog/backend/web'
    'REMOTE_ADDR' => '127.0.0.1'
    'SERVER_PORT' => '80'
    'SERVER_ADDR' => '127.0.0.1'
    'SERVER_NAME' => 'blog2.com'
    'SERVER_SOFTWARE' => 'Apache/2.4.23 (Win32) OpenSSL/1.0.2j mod_fcgid/2.3.9'
    'SERVER_SIGNATURE' => ''
    'SystemRoot' => 'C:\\WINDOWS'
    'HTTP_COOKIE' => 'advanced-backend=hrl98lq3io34gh1d3r2nki5dd1; _csrf-backend=78f93355f150bb4d3787b4401c5b51f3228eceb1c0004cfb8673462944331199a%3A2%3A%7Bi%3A0%3Bs%3A13%3A%22_csrf-backend%22%3Bi%3A1%3Bs%3A32%3A%22TT9WY3zN0azD8VmThxgsigxOaDAi_r6W%22%3B%7D'
    'HTTP_ACCEPT_LANGUAGE' => 'zh-CN,zh;q=0.9'
    'HTTP_ACCEPT_ENCODING' => 'gzip, deflate'
    'HTTP_REFERER' => 'http://blog2.com/index.php?r=user/add'
    'HTTP_ACCEPT' => 'text/html,application/xhtml+xml,application/xml;q=0.9,image/webp,image/apng,*/*;q=0.8'
    'HTTP_USER_AGENT' => 'Mozilla/5.0 (Windows NT 10.0; Win64; x64) AppleWebKit/537.36 (KHTML, like Gecko) Chrome/62.0.3202.89 Safari/537.36'
    'HTTP_UPGRADE_INSECURE_REQUESTS' => '1'
    'HTTP_CACHE_CONTROL' => 'no-cache'
    'HTTP_PRAGMA' => 'no-cache'
    'HTTP_CONNECTION' => 'close'
    'HTTP_HOST' => 'blog2.com'
    'FCGI_ROLE' => 'RESPONDER'
    'PHP_SELF' => '/index.php'
    'REQUEST_TIME_FLOAT' => 1511579752.0403
    'REQUEST_TIME' => 1511579752
]
2017-11-25 03:42:27 [127.0.0.1][1][bd8oln9vp82vek8o97d1kj7522][error][yii\web\HttpException:404] yii\base\InvalidRouteException: Unable to resolve the request "article/index". in F:\blog\vendor\yiisoft\yii2\base\Module.php:537
Stack trace:
#0 F:\blog\vendor\yiisoft\yii2\web\Application.php(103): yii\base\Module->runAction('article/index', Array)
#1 F:\blog\vendor\yiisoft\yii2\base\Application.php(386): yii\web\Application->handleRequest(Object(yii\web\Request))
#2 F:\blog\backend\web\index.php(17): yii\base\Application->run()
#3 {main}

Next yii\web\NotFoundHttpException: 页面未找到。 in F:\blog\vendor\yiisoft\yii2\web\Application.php:115
Stack trace:
#0 F:\blog\vendor\yiisoft\yii2\base\Application.php(386): yii\web\Application->handleRequest(Object(yii\web\Request))
#1 F:\blog\backend\web\index.php(17): yii\base\Application->run()
#2 {main}
2017-11-25 03:42:26 [127.0.0.1][1][bd8oln9vp82vek8o97d1kj7522][info][application] $_GET = [
    'r' => 'article/index'
]

$_COOKIE = [
    '_csrf-backend' => '78f93355f150bb4d3787b4401c5b51f3228eceb1c0004cfb8673462944331199a:2:{i:0;s:13:\"_csrf-backend\";i:1;s:32:\"TT9WY3zN0azD8VmThxgsigxOaDAi_r6W\";}'
    'advanced-backend' => 'bd8oln9vp82vek8o97d1kj7522'
]

$_SESSION = [
    '__flash' => []
    '__captcha/site/captcha' => 'busil'
    '__captcha/site/captchacount' => 1
    '__id' => 1
]

$_SERVER = [
    'PATH' => 'C:\\WINDOWS\\system32;C:\\WINDOWS;C:\\WINDOWS\\System32\\Wbem;C:\\WINDOWS\\System32\\WindowsPowerShell\\v1.0\\;C:\\Program Files (x86)\\ATI Technologies\\ATI.ACE\\Core-Static;E:\\masql\\bin;F:\\TortoiseSVN\\bin;F:\\phpStudy\\php\\php-7.0.12-nts;C:\\ProgramData\\ComposerSetup\\bin;C:\\Program Files\\TortoiseGit\\bin;C:\\Program Files\\Git\\cmd;C:\\Users\\木鸟\\AppData\\Roaming\\Composer\\vendor\\bin'
    'SYSTEMROOT' => 'C:\\WINDOWS'
    'COMSPEC' => 'C:\\WINDOWS\\system32\\cmd.exe'
    'PATHEXT' => '.COM;.EXE;.BAT;.CMD;.VBS;.VBE;.JS;.JSE;.WSF;.WSH;.MSC'
    'WINDIR' => 'C:\\WINDOWS'
    'PHP_FCGI_MAX_REQUESTS' => '1000'
    'PHPRC' => 'F:/phpStudy/php/php-7.0.12-nts/'
    '_FCGI_SHUTDOWN_EVENT_' => '2360'
    'SCRIPT_NAME' => '/index.php'
    'REQUEST_URI' => '/index.php?r=article/index'
    'QUERY_STRING' => 'r=article/index'
    'REQUEST_METHOD' => 'GET'
    'SERVER_PROTOCOL' => 'HTTP/1.1'
    'GATEWAY_INTERFACE' => 'CGI/1.1'
    'REMOTE_PORT' => '58013'
    'SCRIPT_FILENAME' => 'F:/blog/backend/web/index.php'
    'SERVER_ADMIN' => 'admin@phpStudy.net'
    'CONTEXT_DOCUMENT_ROOT' => 'F:/blog/backend/web'
    'CONTEXT_PREFIX' => ''
    'REQUEST_SCHEME' => 'http'
    'DOCUMENT_ROOT' => 'F:/blog/backend/web'
    'REMOTE_ADDR' => '127.0.0.1'
    'SERVER_PORT' => '80'
    'SERVER_ADDR' => '127.0.0.1'
    'SERVER_NAME' => 'blog2.com'
    'SERVER_SOFTWARE' => 'Apache/2.4.23 (Win32) OpenSSL/1.0.2j mod_fcgid/2.3.9'
    'SERVER_SIGNATURE' => ''
    'SystemRoot' => 'C:\\WINDOWS'
    'HTTP_COOKIE' => '_csrf-backend=78f93355f150bb4d3787b4401c5b51f3228eceb1c0004cfb8673462944331199a%3A2%3A%7Bi%3A0%3Bs%3A13%3A%22_csrf-backend%22%3Bi%3A1%3Bs%3A32%3A%22TT9WY3zN0azD8VmThxgsigxOaDAi_r6W%22%3B%7D; advanced-backend=bd8oln9vp82vek8o97d1kj7522'
    'HTTP_ACCEPT_LANGUAGE' => 'zh-CN,zh;q=0.9'
    'HTTP_ACCEPT_ENCODING' => 'gzip, deflate'
    'HTTP_REFERER' => 'http://blog2.com/index.php?r=site%2Findex'
    'HTTP_ACCEPT' => 'text/html,application/xhtml+xml,application/xml;q=0.9,image/webp,image/apng,*/*;q=0.8'
    'HTTP_USER_AGENT' => 'Mozilla/5.0 (Windows NT 10.0; Win64; x64) AppleWebKit/537.36 (KHTML, like Gecko) Chrome/62.0.3202.89 Safari/537.36'
    'HTTP_UPGRADE_INSECURE_REQUESTS' => '1'
    'HTTP_CONNECTION' => 'close'
    'HTTP_HOST' => 'blog2.com'
    'FCGI_ROLE' => 'RESPONDER'
    'PHP_SELF' => '/index.php'
    'REQUEST_TIME_FLOAT' => 1511581346.0492
    'REQUEST_TIME' => 1511581346
]
